2016-06-15 20:11:51 [-][-][-][error][yii\db\Exception] exception 'PDOException' with message 'could not find driver' in /opt/lampp/htdocs/advanced/vendor/yiisoft/yii2/db/Connection.php:600
Stack trace:
#0 /opt/lampp/htdocs/advanced/vendor/yiisoft/yii2/db/Connection.php(600): PDO->__construct('mysql:host=loca...', 'yiiadmin', 'adminpass', NULL)
#1 /opt/lampp/htdocs/advanced/vendor/yiisoft/yii2/db/Connection.php(542): yii\db\Connection->createPdoInstance()
#2 /opt/lampp/htdocs/advanced/vendor/yiisoft/yii2/db/Connection.php(861): yii\db\Connection->open()
#3 /opt/lampp/htdocs/advanced/vendor/yiisoft/yii2/db/Connection.php(848): yii\db\Connection->getMasterPdo()
#4 /opt/lampp/htdocs/advanced/vendor/yiisoft/yii2/db/Command.php(219): yii\db\Connection->getSlavePdo()
#5 /opt/lampp/htdocs/advanced/vendor/yiisoft/yii2/db/Command.php(894): yii\db\Command->prepare(true)
#6 /opt/lampp/htdocs/advanced/vendor/yiisoft/yii2/db/Command.php(362): yii\db\Command->queryInternal('fetchAll', NULL)
#7 /opt/lampp/htdocs/advanced/vendor/yiisoft/yii2/db/mysql/Schema.php(198): yii\db\Command->queryAll()
#8 /opt/lampp/htdocs/advanced/vendor/yiisoft/yii2/db/mysql/Schema.php(97): yii\db\mysql\Schema->findColumns(Object(yii\db\TableSchema))
#9 /opt/lampp/htdocs/advanced/vendor/yiisoft/yii2/db/Schema.php(149): yii\db\mysql\Schema->loadTableSchema('migration')
#10 /opt/lampp/htdocs/advanced/vendor/yiisoft/yii2/console/controllers/MigrateController.php(178): yii\db\Schema->getTableSchema('{{%migration}}', true)
#11 /opt/lampp/htdocs/advanced/vendor/yiisoft/yii2/console/controllers/BaseMigrateController.php(627): yii\console\controllers\MigrateController->getMigrationHistory(NULL)
#12 /opt/lampp/htdocs/advanced/vendor/yiisoft/yii2/console/controllers/BaseMigrateController.php(102): yii\console\controllers\BaseMigrateController->getNewMigrations()
#13 [internal function]: yii\console\controllers\BaseMigrateController->actionUp(0)
#14 /opt/lampp/htdocs/advanced/vendor/yiisoft/yii2/base/InlineAction.php(55): call_user_func_array(Array, Array)
#15 /opt/lampp/htdocs/advanced/vendor/yiisoft/yii2/base/Controller.php(154): yii\base\InlineAction->runWithParams(Array)
#16 /opt/lampp/htdocs/advanced/vendor/yiisoft/yii2/console/Controller.php(119): yii\base\Controller->runAction('', Array)
#17 /opt/lampp/htdocs/advanced/vendor/yiisoft/yii2/base/Module.php(454): yii\console\Controller->runAction('', Array)
#18 /opt/lampp/htdocs/advanced/vendor/yiisoft/yii2/console/Application.php(176): yii\base\Module->runAction('migrate', Array)
#19 /opt/lampp/htdocs/advanced/vendor/yiisoft/yii2/console/Application.php(143): yii\console\Application->runAction('migrate', Array)
#20 /opt/lampp/htdocs/advanced/vendor/yiisoft/yii2/base/Application.php(375): yii\console\Application->handleRequest(Object(yii\console\Request))
#21 /opt/lampp/htdocs/advanced/yii(27): yii\base\Application->run()
#22 {main}

Next exception 'yii\db\Exception' with message 'could not find driver' in /opt/lampp/htdocs/advanced/vendor/yiisoft/yii2/db/Connection.php:547
Stack trace:
#0 /opt/lampp/htdocs/advanced/vendor/yiisoft/yii2/db/Connection.php(861): yii\db\Connection->open()
#1 /opt/lampp/htdocs/advanced/vendor/yiisoft/yii2/db/Connection.php(848): yii\db\Connection->getMasterPdo()
#2 /opt/lampp/htdocs/advanced/vendor/yiisoft/yii2/db/Command.php(219): yii\db\Connection->getSlavePdo()
#3 /opt/lampp/htdocs/advanced/vendor/yiisoft/yii2/db/Command.php(894): yii\db\Command->prepare(true)
#4 /opt/lampp/htdocs/advanced/vendor/yiisoft/yii2/db/Command.php(362): yii\db\Command->queryInternal('fetchAll', NULL)
#5 /opt/lampp/htdocs/advanced/vendor/yiisoft/yii2/db/mysql/Schema.php(198): yii\db\Command->queryAll()
#6 /opt/lampp/htdocs/advanced/vendor/yiisoft/yii2/db/mysql/Schema.php(97): yii\db\mysql\Schema->findColumns(Object(yii\db\TableSchema))
#7 /opt/lampp/htdocs/advanced/vendor/yiisoft/yii2/db/Schema.php(149): yii\db\mysql\Schema->loadTableSchema('migration')
#8 /opt/lampp/htdocs/advanced/vendor/yiisoft/yii2/console/controllers/MigrateController.php(178): yii\db\Schema->getTableSchema('{{%migration}}', true)
#9 /opt/lampp/htdocs/advanced/vendor/yiisoft/yii2/console/controllers/BaseMigrateController.php(627): yii\console\controllers\MigrateController->getMigrationHistory(NULL)
#10 /opt/lampp/htdocs/advanced/vendor/yiisoft/yii2/console/controllers/BaseMigrateController.php(102): yii\console\controllers\BaseMigrateController->getNewMigrations()
#11 [internal function]: yii\console\controllers\BaseMigrateController->actionUp(0)
#12 /opt/lampp/htdocs/advanced/vendor/yiisoft/yii2/base/InlineAction.php(55): call_user_func_array(Array, Array)
#13 /opt/lampp/htdocs/advanced/vendor/yiisoft/yii2/base/Controller.php(154): yii\base\InlineAction->runWithParams(Array)
#14 /opt/lampp/htdocs/advanced/vendor/yiisoft/yii2/console/Controller.php(119): yii\base\Controller->runAction('', Array)
#15 /opt/lampp/htdocs/advanced/vendor/yiisoft/yii2/base/Module.php(454): yii\console\Controller->runAction('', Array)
#16 /opt/lampp/htdocs/advanced/vendor/yiisoft/yii2/console/Application.php(176): yii\base\Module->runAction('migrate', Array)
#17 /opt/lampp/htdocs/advanced/vendor/yiisoft/yii2/console/Application.php(143): yii\console\Application->runAction('migrate', Array)
#18 /opt/lampp/htdocs/advanced/vendor/yiisoft/yii2/base/Application.php(375): yii\console\Application->handleRequest(Object(yii\console\Request))
#19 /opt/lampp/htdocs/advanced/yii(27): yii\base\Application->run()
#20 {main}
Additional Information:

2016-06-15 20:11:51 [-][-][-][info][application] $_SERVER = [
    'XDG_VTNR' => '7'
    'SSH_AGENT_PID' => '1047'
    'XDG_SESSION_ID' => '1'
    'XDG_GREETER_DATA_DIR' => '/var/lib/lightdm/data/xhanzary'
    'GPG_AGENT_INFO' => '/run/user/1000/keyring/gpg:0:1'
    'TERM' => 'xterm'
    'SHELL' => '/bin/bash'
    'VTE_VERSION' => '3801'
    'GJS_DEBUG_OUTPUT' => 'stderr'
    'WINDOWID' => '52428806'
    'GJS_DEBUG_TOPICS' => 'JS ERROR;JS LOG'
    'USER' => 'xhanzary'
    'LS_COLORS' => 'rs=0:di=01;34:ln=01;36:mh=00:pi=40;33:so=01;35:do=01;35:bd=40;33;01:cd=40;33;01:or=40;31;01:su=37;41:sg=30;43:ca=30;41:tw=30;42:ow=34;42:st=37;44:ex=01;32:*.tar=01;31:*.tgz=01;31:*.arc=01;31:*.arj=01;31:*.taz=01;31:*.lha=01;31:*.lz4=01;31:*.lzh=01;31:*.lzma=01;31:*.tlz=01;31:*.txz=01;31:*.tzo=01;31:*.t7z=01;31:*.zip=01;31:*.z=01;31:*.Z=01;31:*.dz=01;31:*.gz=01;31:*.lrz=01;31:*.lz=01;31:*.lzo=01;31:*.xz=01;31:*.bz2=01;31:*.bz=01;31:*.tbz=01;31:*.tbz2=01;31:*.tz=01;31:*.deb=01;31:*.rpm=01;31:*.jar=01;31:*.war=01;31:*.ear=01;31:*.sar=01;31:*.rar=01;31:*.alz=01;31:*.ace=01;31:*.zoo=01;31:*.cpio=01;31:*.7z=01;31:*.rz=01;31:*.cab=01;31:*.jpg=01;35:*.jpeg=01;35:*.gif=01;35:*.bmp=01;35:*.pbm=01;35:*.pgm=01;35:*.ppm=01;35:*.tga=01;35:*.xbm=01;35:*.xpm=01;35:*.tif=01;35:*.tiff=01;35:*.png=01;35:*.svg=01;35:*.svgz=01;35:*.mng=01;35:*.pcx=01;35:*.mov=01;35:*.mpg=01;35:*.mpeg=01;35:*.m2v=01;35:*.mkv=01;35:*.webm=01;35:*.ogm=01;35:*.mp4=01;35:*.m4v=01;35:*.mp4v=01;35:*.vob=01;35:*.qt=01;35:*.nuv=01;35:*.wmv=01;35:*.asf=01;35:*.rm=01;35:*.rmvb=01;35:*.flc=01;35:*.avi=01;35:*.fli=01;35:*.flv=01;35:*.gl=01;35:*.dl=01;35:*.xcf=01;35:*.xwd=01;35:*.yuv=01;35:*.cgm=01;35:*.emf=01;35:*.axv=01;35:*.anx=01;35:*.ogv=01;35:*.ogx=01;35:*.aac=00;36:*.au=00;36:*.flac=00;36:*.m4a=00;36:*.mid=00;36:*.midi=00;36:*.mka=00;36:*.mp3=00;36:*.mpc=00;36:*.ogg=00;36:*.ra=00;36:*.wav=00;36:*.axa=00;36:*.oga=00;36:*.spx=00;36:*.xspf=00;36:'
    'XDG_SESSION_PATH' => '/org/freedesktop/DisplayManager/Session0'
    'XDG_SEAT_PATH' => '/org/freedesktop/DisplayManager/Seat0'
    'SSH_AUTH_SOCK' => '/run/user/1000/keyring/ssh'
    'SESSION_MANAGER' => 'local/Erick:@/tmp/.ICE-unix/1024,unix/Erick:/tmp/.ICE-unix/1024'
    'PATH' => '/usr/local/bin:/usr/bin:/bin:/usr/local/games:/usr/games'
    'DESKTOP_SESSION' => 'lightdm-xsession'
    'PWD' => '/opt/lampp/htdocs/advanced'
    'LANG' => 'es_MX.UTF-8'
    'GDM_LANG' => 'es_MX.utf8'
    'GDMSESSION' => 'lightdm-xsession'
    'CINNAMON_VERSION' => '2.2.16'
    'SHLVL' => '1'
    'XDG_SEAT' => 'seat0'
    'HOME' => '/home/xhanzary'
    'LANGUAGE' => 'es_MX:es'
    'GNOME_DESKTOP_SESSION_ID' => 'this-is-deprecated'
    'LOGNAME' => 'xhanzary'
    'XDG_DATA_DIRS' => '/usr/share/gnome:/usr/local/share/:/usr/share/'
    'DBUS_SESSION_BUS_ADDRESS' => 'unix:abstract=/tmp/dbus-O5yLbh9ZkA,guid=76b022f9da5c471febbd542657618877'
    'XDG_RUNTIME_DIR' => '/run/user/1000'
    'DISPLAY' => ':0'
    'XDG_CURRENT_DESKTOP' => 'X-Cinnamon'
    'XAUTHORITY' => '/home/xhanzary/.Xauthority'
    '_' => './yii'
    'OLDPWD' => '/opt/lampp/htdocs'
    'PHP_SELF' => './yii'
    'SCRIPT_NAME' => './yii'
    'SCRIPT_FILENAME' => './yii'
    'PATH_TRANSLATED' => './yii'
    'DOCUMENT_ROOT' => ''
    'REQUEST_TIME_FLOAT' => 1466021511.4881
    'REQUEST_TIME' => 1466021511
    'argv' => [
        0 => './yii'
        1 => 'migrate'
    ]
    'argc' => 2
]
2016-06-15 20:21:38 [-][-][-][error][yii\db\Exception] exception 'PDOException' with message 'could not find driver' in /opt/lampp/htdocs/advanced/vendor/yiisoft/yii2/db/Connection.php:600
Stack trace:
#0 /opt/lampp/htdocs/advanced/vendor/yiisoft/yii2/db/Connection.php(600): PDO->__construct('mysql:host=loca...', 'yiiadmin', 'adminpass', NULL)
#1 /opt/lampp/htdocs/advanced/vendor/yiisoft/yii2/db/Connection.php(542): yii\db\Connection->createPdoInstance()
#2 /opt/lampp/htdocs/advanced/vendor/yiisoft/yii2/db/Connection.php(861): yii\db\Connection->open()
#3 /opt/lampp/htdocs/advanced/vendor/yiisoft/yii2/db/Connection.php(848): yii\db\Connection->getMasterPdo()
#4 /opt/lampp/htdocs/advanced/vendor/yiisoft/yii2/db/Command.php(219): yii\db\Connection->getSlavePdo()
#5 /opt/lampp/htdocs/advanced/vendor/yiisoft/yii2/db/Command.php(894): yii\db\Command->prepare(true)
#6 /opt/lampp/htdocs/advanced/vendor/yiisoft/yii2/db/Command.php(362): yii\db\Command->queryInternal('fetchAll', NULL)
#7 /opt/lampp/htdocs/advanced/vendor/yiisoft/yii2/db/mysql/Schema.php(198): yii\db\Command->queryAll()
#8 /opt/lampp/htdocs/advanced/vendor/yiisoft/yii2/db/mysql/Schema.php(97): yii\db\mysql\Schema->findColumns(Object(yii\db\TableSchema))
#9 /opt/lampp/htdocs/advanced/vendor/yiisoft/yii2/db/Schema.php(149): yii\db\mysql\Schema->loadTableSchema('migration')
#10 /opt/lampp/htdocs/advanced/vendor/yiisoft/yii2/console/controllers/MigrateController.php(178): yii\db\Schema->getTableSchema('{{%migration}}', true)
#11 /opt/lampp/htdocs/advanced/vendor/yiisoft/yii2/console/controllers/BaseMigrateController.php(627): yii\console\controllers\MigrateController->getMigrationHistory(NULL)
#12 /opt/lampp/htdocs/advanced/vendor/yiisoft/yii2/console/controllers/BaseMigrateController.php(102): yii\console\controllers\BaseMigrateController->getNewMigrations()
#13 [internal function]: yii\console\controllers\BaseMigrateController->actionUp(0)
#14 /opt/lampp/htdocs/advanced/vendor/yiisoft/yii2/base/InlineAction.php(55): call_user_func_array(Array, Array)
#15 /opt/lampp/htdocs/advanced/vendor/yiisoft/yii2/base/Controller.php(154): yii\base\InlineAction->runWithParams(Array)
#16 /opt/lampp/htdocs/advanced/vendor/yiisoft/yii2/console/Controller.php(119): yii\base\Controller->runAction('', Array)
#17 /opt/lampp/htdocs/advanced/vendor/yiisoft/yii2/base/Module.php(454): yii\console\Controller->runAction('', Array)
#18 /opt/lampp/htdocs/advanced/vendor/yiisoft/yii2/console/Application.php(176): yii\base\Module->runAction('migrate', Array)
#19 /opt/lampp/htdocs/advanced/vendor/yiisoft/yii2/console/Application.php(143): yii\console\Application->runAction('migrate', Array)
#20 /opt/lampp/htdocs/advanced/vendor/yiisoft/yii2/base/Application.php(375): yii\console\Application->handleRequest(Object(yii\console\Request))
#21 /opt/lampp/htdocs/advanced/yii(27): yii\base\Application->run()
#22 {main}

Next exception 'yii\db\Exception' with message 'could not find driver' in /opt/lampp/htdocs/advanced/vendor/yiisoft/yii2/db/Connection.php:547
Stack trace:
#0 /opt/lampp/htdocs/advanced/vendor/yiisoft/yii2/db/Connection.php(861): yii\db\Connection->open()
#1 /opt/lampp/htdocs/advanced/vendor/yiisoft/yii2/db/Connection.php(848): yii\db\Connection->getMasterPdo()
#2 /opt/lampp/htdocs/advanced/vendor/yiisoft/yii2/db/Command.php(219): yii\db\Connection->getSlavePdo()
#3 /opt/lampp/htdocs/advanced/vendor/yiisoft/yii2/db/Command.php(894): yii\db\Command->prepare(true)
#4 /opt/lampp/htdocs/advanced/vendor/yiisoft/yii2/db/Command.php(362): yii\db\Command->queryInternal('fetchAll', NULL)
#5 /opt/lampp/htdocs/advanced/vendor/yiisoft/yii2/db/mysql/Schema.php(198): yii\db\Command->queryAll()
#6 /opt/lampp/htdocs/advanced/vendor/yiisoft/yii2/db/mysql/Schema.php(97): yii\db\mysql\Schema->findColumns(Object(yii\db\TableSchema))
#7 /opt/lampp/htdocs/advanced/vendor/yiisoft/yii2/db/Schema.php(149): yii\db\mysql\Schema->loadTableSchema('migration')
#8 /opt/lampp/htdocs/advanced/vendor/yiisoft/yii2/console/controllers/MigrateController.php(178): yii\db\Schema->getTableSchema('{{%migration}}', true)
#9 /opt/lampp/htdocs/advanced/vendor/yiisoft/yii2/console/controllers/BaseMigrateController.php(627): yii\console\controllers\MigrateController->getMigrationHistory(NULL)
#10 /opt/lampp/htdocs/advanced/vendor/yiisoft/yii2/console/controllers/BaseMigrateController.php(102): yii\console\controllers\BaseMigrateController->getNewMigrations()
#11 [internal function]: yii\console\controllers\BaseMigrateController->actionUp(0)
#12 /opt/lampp/htdocs/advanced/vendor/yiisoft/yii2/base/InlineAction.php(55): call_user_func_array(Array, Array)
#13 /opt/lampp/htdocs/advanced/vendor/yiisoft/yii2/base/Controller.php(154): yii\base\InlineAction->runWithParams(Array)
#14 /opt/lampp/htdocs/advanced/vendor/yiisoft/yii2/console/Controller.php(119): yii\base\Controller->runAction('', Array)
#15 /opt/lampp/htdocs/advanced/vendor/yiisoft/yii2/base/Module.php(454): yii\console\Controller->runAction('', Array)
#16 /opt/lampp/htdocs/advanced/vendor/yiisoft/yii2/console/Application.php(176): yii\base\Module->runAction('migrate', Array)
#17 /opt/lampp/htdocs/advanced/vendor/yiisoft/yii2/console/Application.php(143): yii\console\Application->runAction('migrate', Array)
#18 /opt/lampp/htdocs/advanced/vendor/yiisoft/yii2/base/Application.php(375): yii\console\Application->handleRequest(Object(yii\console\Request))
#19 /opt/lampp/htdocs/advanced/yii(27): yii\base\Application->run()
#20 {main}
Additional Information:

2016-06-15 20:21:38 [-][-][-][info][application] $_SERVER = [
    'XDG_VTNR' => '7'
    '__GIT_PROMPT_IGNORE_STASH' => ''
    'SSH_AGENT_PID' => '1047'
    'XDG_SESSION_ID' => '1'
    'XDG_GREETER_DATA_DIR' => '/var/lib/lightdm/data/xhanzary'
    'GPG_AGENT_INFO' => '/run/user/1000/keyring/gpg:0:1'
    'TERM' => 'xterm'
    'SHELL' => '/bin/bash'
    'VTE_VERSION' => '3801'
    'GJS_DEBUG_OUTPUT' => 'stderr'
    'WINDOWID' => '52428806'
    'OLDPWD' => '/opt/lampp/htdocs'
    'GJS_DEBUG_TOPICS' => 'JS ERROR;JS LOG'
    '__GIT_PROMPT_SHOW_UPSTREAM' => ''
    '__GIT_PROMPT_SHOW_UNTRACKED_FILES' => 'all'
    'USER' => 'xhanzary'
    'LS_COLORS' => 'rs=0:di=01;34:ln=01;36:mh=00:pi=40;33:so=01;35:do=01;35:bd=40;33;01:cd=40;33;01:or=40;31;01:su=37;41:sg=30;43:ca=30;41:tw=30;42:ow=34;42:st=37;44:ex=01;32:*.tar=01;31:*.tgz=01;31:*.arc=01;31:*.arj=01;31:*.taz=01;31:*.lha=01;31:*.lz4=01;31:*.lzh=01;31:*.lzma=01;31:*.tlz=01;31:*.txz=01;31:*.tzo=01;31:*.t7z=01;31:*.zip=01;31:*.z=01;31:*.Z=01;31:*.dz=01;31:*.gz=01;31:*.lrz=01;31:*.lz=01;31:*.lzo=01;31:*.xz=01;31:*.bz2=01;31:*.bz=01;31:*.tbz=01;31:*.tbz2=01;31:*.tz=01;31:*.deb=01;31:*.rpm=01;31:*.jar=01;31:*.war=01;31:*.ear=01;31:*.sar=01;31:*.rar=01;31:*.alz=01;31:*.ace=01;31:*.zoo=01;31:*.cpio=01;31:*.7z=01;31:*.rz=01;31:*.cab=01;31:*.jpg=01;35:*.jpeg=01;35:*.gif=01;35:*.bmp=01;35:*.pbm=01;35:*.pgm=01;35:*.ppm=01;35:*.tga=01;35:*.xbm=01;35:*.xpm=01;35:*.tif=01;35:*.tiff=01;35:*.png=01;35:*.svg=01;35:*.svgz=01;35:*.mng=01;35:*.pcx=01;35:*.mov=01;35:*.mpg=01;35:*.mpeg=01;35:*.m2v=01;35:*.mkv=01;35:*.webm=01;35:*.ogm=01;35:*.mp4=01;35:*.m4v=01;35:*.mp4v=01;35:*.vob=01;35:*.qt=01;35:*.nuv=01;35:*.wmv=01;35:*.asf=01;35:*.rm=01;35:*.rmvb=01;35:*.flc=01;35:*.avi=01;35:*.fli=01;35:*.flv=01;35:*.gl=01;35:*.dl=01;35:*.xcf=01;35:*.xwd=01;35:*.yuv=01;35:*.cgm=01;35:*.emf=01;35:*.axv=01;35:*.anx=01;35:*.ogv=01;35:*.ogx=01;35:*.aac=00;36:*.au=00;36:*.flac=00;36:*.m4a=00;36:*.mid=00;36:*.midi=00;36:*.mka=00;36:*.mp3=00;36:*.mpc=00;36:*.ogg=00;36:*.ra=00;36:*.wav=00;36:*.axa=00;36:*.oga=00;36:*.spx=00;36:*.xspf=00;36:'
    'XDG_SESSION_PATH' => '/org/freedesktop/DisplayManager/Session0'
    'XDG_SEAT_PATH' => '/org/freedesktop/DisplayManager/Seat0'
    'SSH_AUTH_SOCK' => '/run/user/1000/keyring/ssh'
    'SESSION_MANAGER' => 'local/Erick:@/tmp/.ICE-unix/1024,unix/Erick:/tmp/.ICE-unix/1024'
    'PATH' => '/usr/local/bin:/usr/bin:/bin:/usr/local/games:/usr/games'
    'DESKTOP_SESSION' => 'lightdm-xsession'
    'PWD' => '/opt/lampp/htdocs/advanced'
    'LANG' => 'es_MX.UTF-8'
    'GDM_LANG' => 'es_MX.utf8'
    'GDMSESSION' => 'lightdm-xsession'
    'CINNAMON_VERSION' => '2.2.16'
    'SHLVL' => '1'
    'XDG_SEAT' => 'seat0'
    'HOME' => '/home/xhanzary'
    'LANGUAGE' => 'es_MX:es'
    'GNOME_DESKTOP_SESSION_ID' => 'this-is-deprecated'
    'LOGNAME' => 'xhanzary'
    'XDG_DATA_DIRS' => '/usr/share/gnome:/usr/local/share/:/usr/share/'
    'DBUS_SESSION_BUS_ADDRESS' => 'unix:abstract=/tmp/dbus-O5yLbh9ZkA,guid=76b022f9da5c471febbd542657618877'
    'XDG_RUNTIME_DIR' => '/run/user/1000'
    'DISPLAY' => ':0'
    'XDG_CURRENT_DESKTOP' => 'X-Cinnamon'
    'XAUTHORITY' => '/home/xhanzary/.Xauthority'
    '_' => './yii'
    'PHP_SELF' => './yii'
    'SCRIPT_NAME' => './yii'
    'SCRIPT_FILENAME' => './yii'
    'PATH_TRANSLATED' => './yii'
    'DOCUMENT_ROOT' => ''
    'REQUEST_TIME_FLOAT' => 1466022098.7094
    'REQUEST_TIME' => 1466022098
    'argv' => [
        0 => './yii'
        1 => 'migrate'
    ]
    'argc' => 2
]
